\BOOKMARK [1][-]{section.1}{\376\377\0002\0009\000/\0000\0001\000/\0002\0000\0002\0004}{}% 1
\BOOKMARK [2][-]{subsection.1.1}{\376\377\000O\000b\000j\000e\000t\000i\000v\000o\000\040\000g\000e\000n\000e\000r\000a\000l}{section.1}% 2
\BOOKMARK [2][-]{subsection.1.2}{\376\377\000T\000e\000m\000a\000r\000i\000o}{section.1}% 3
\BOOKMARK [2][-]{subsection.1.3}{\376\377\000B\000i\000b\000l\000i\000o\000g\000r\000a\000f\000\355\000a}{section.1}% 4
\BOOKMARK [2][-]{subsection.1.4}{\376\377\000E\000v\000a\000l\000u\000a\000c\000i\000\363\000n}{section.1}% 5
\BOOKMARK [2][-]{subsection.1.5}{\376\377\000C\000o\000n\000t\000a\000c\000t\000o}{section.1}% 6
\BOOKMARK [2][-]{subsection.1.6}{\376\377\000E\000x\000a\000m\000e\000n\000\040\000d\000i\000a\000g\000n\000o\000s\000t\000i\000c\000o}{section.1}% 7
\BOOKMARK [1][-]{section.2}{\376\377\0000\0002\000/\0000\0002\000/\0002\0000\0002\0004}{}% 8
\BOOKMARK [2][-]{subsection.2.1}{\376\377\000S\000o\000l\000u\000c\000i\000\363\000n\000\040\000d\000e\000l\000\040\000e\000x\000a\000m\000e\000n\000\040\000d\000i\000a\000g\000n\000\363\000s\000t\000i\000c\000o}{section.2}% 9
\BOOKMARK [1][-]{section.3}{\376\377\0000\0007\000/\0000\0002\000/\0002\0000\0002\0004}{}% 10
\BOOKMARK [2][-]{subsection.3.1}{\376\377\000U\000n\000i\000d\000a\000d\000\040\0001\000:\000\040\000P\000r\000u\000e\000b\000a\000s\000\040\000n\000o\000\040\000p\000a\000r\000a\000m\000e\000t\000r\000i\000c\000a\000s}{section.3}% 11
\BOOKMARK [3][-]{subsubsection.3.1.1}{\376\377\000I\000n\000t\000r\000o\000d\000u\000c\000c\000i\000\363\000n}{subsection.3.1}% 12
\BOOKMARK [3][-]{subsubsection.3.1.2}{\376\377\000P\000r\000u\000e\000b\000a\000s\000\040\000d\000e\000\040\000b\000o\000n\000d\000a\000d\000\040\000d\000e\000\040\000a\000j\000u\000s\000t\000e}{subsection.3.1}% 13
\BOOKMARK [1][-]{section.4}{\376\377\0001\0002\000/\0000\0002\000/\0002\0000\0002\0004}{}% 14
\BOOKMARK [2][-]{subsection.4.1}{\376\377\000F\000u\000n\000c\000i\000\363\000n\000\040\000d\000e\000\040\000D\000i\000s\000t\000r\000i\000b\000u\000c\000i\000\363\000n\000\040\000E\000m\000p\000\355\000r\000i\000c\000a}{section.4}% 15
\BOOKMARK [2][-]{subsection.4.2}{\376\377\000E\000s\000t\000a\000d\000\355\000s\000t\000i\000c\000o\000\040\000d\000e\000\040\000l\000a\000\040\000P\000r\000u\000e\000b\000a\000\040\000e\000n\000\040\000l\000a\000\040\000P\000r\000u\000e\000b\000a\000\040\000d\000e\000\040\000K\000o\000l\000m\000o\000g\000o\000r\000o\000v\000-\000S\000m\000i\000r\000n\000o\000v}{section.4}% 16
\BOOKMARK [1][-]{section.5}{\376\377\0001\0004\000/\0000\0002\000/\0002\0000\0002\0004}{}% 17
\BOOKMARK [2][-]{subsection.5.1}{\376\377\000P\000r\000u\000e\000b\000a\000s\000\040\000d\000e\000\040\000B\000o\000n\000d\000a\000d\000\040\000d\000e\000\040\000A\000j\000u\000s\000t\000e}{section.5}% 18
\BOOKMARK [3][-]{subsubsection.5.1.1}{\376\377\000P\000a\000r\000a\000\040\000V\000a\000r\000i\000a\000b\000l\000e\000s\000\040\000C\000o\000n\000t\000i\000n\000u\000a\000s}{subsection.5.1}% 19
\BOOKMARK [3][-]{subsubsection.5.1.2}{\376\377\000P\000a\000r\000a\000\040\000V\000a\000r\000i\000a\000b\000l\000e\000s\000\040\000D\000i\000s\000c\000r\000e\000t\000a\000s}{subsection.5.1}% 20
\BOOKMARK [2][-]{subsection.5.2}{\376\377\000P\000r\000u\000e\000b\000a\000s\000\040\000B\000a\000s\000a\000d\000a\000s\000\040\000e\000n\000\040\000R\000a\000n\000g\000o\000s}{section.5}% 21
\BOOKMARK [3][-]{subsubsection.5.2.1}{\376\377\000P\000a\000r\000a\000\040\0002\000\040\000P\000o\000b\000l\000a\000c\000i\000o\000n\000e\000s}{subsection.5.2}% 22
\BOOKMARK [3][-]{subsubsection.5.2.2}{\376\377\000P\000a\000r\000a\000\040\000M\000\341\000s\000\040\000d\000e\000\040\0002\000\040\000P\000o\000b\000l\000a\000c\000i\000o\000n\000e\000s}{subsection.5.2}% 23
\BOOKMARK [2][-]{subsection.5.3}{\376\377\000P\000r\000u\000e\000b\000a\000\040\000d\000e\000\040\000M\000a\000n\000n\000-\000W\000h\000i\000t\000n\000e\000y}{section.5}% 24
\BOOKMARK [1][-]{section.6}{\376\377\0001\0006\000/\0000\0002\000/\0002\0000\0002\0004}{}% 25
\BOOKMARK [2][-]{subsection.6.1}{\376\377\000P\000r\000u\000e\000b\000a\000\040\000d\000e\000\040\000W\000i\000l\000c\000o\000x\000o\000n}{section.6}% 26
\BOOKMARK [1][-]{section.7}{\376\377\0001\0009\000/\0000\0002\000/\0002\0000\0002\0004}{}% 27
\BOOKMARK [2][-]{subsection.7.1}{\376\377\000P\000r\000u\000e\000b\000a\000\040\000d\000e\000\040\000K\000r\000u\000s\000k\000a\000l\000-\000W\000a\000l\000l\000i\000s}{section.7}% 28
\BOOKMARK [1][-]{section.8}{\376\377\0002\0001\000/\0000\0002\000/\0002\0000\0002\0004}{}% 29
\BOOKMARK [2][-]{subsection.8.1}{\376\377\000P\000r\000u\000e\000b\000a\000s\000\040\000b\000a\000s\000a\000d\000a\000s\000\040\000e\000n\000\040\000c\000o\000r\000r\000i\000d\000a\000s}{section.8}% 30
\BOOKMARK [1][-]{section.9}{\376\377\0002\0003\000/\0000\0002\000/\0002\0000\0002\0004}{}% 31
\BOOKMARK [2][-]{subsection.9.1}{\376\377\000P\000r\000u\000e\000b\000a\000s\000\040\000d\000e\000\040\000I\000n\000d\000e\000p\000e\000n\000d\000e\000n\000c\000i\000a}{section.9}% 32
\BOOKMARK [2][-]{subsection.9.2}{\376\377\000C\000o\000e\000f\000i\000c\000i\000e\000n\000t\000e\000\040\000d\000e\000\040\000C\000o\000r\000r\000e\000l\000a\000c\000i\000\363\000n\000\040\000d\000e\000\040\000S\000p\000e\000a\000r\000m\000a\000n}{section.9}% 33
\BOOKMARK [1][-]{section.10}{\376\377\0002\0006\000/\0000\0002\000/\0002\0000\0002\0004}{}% 34
\BOOKMARK [2][-]{subsection.10.1}{\376\377\000T\000a\000u\000\040\000d\000e\000\040\000K\000e\000n\000d\000a\000l\000l}{section.10}% 35
\BOOKMARK [1][-]{section.11}{\376\377\0000\0001\000/\0000\0003\000/\0003\0000\0003\0004}{}% 36
\BOOKMARK [2][-]{subsection.11.1}{\376\377\000T\000a\000b\000l\000a\000s\000\040\000d\000e\000\040\000c\000o\000n\000t\000i\000n\000g\000e\000n\000c\000i\000a}{section.11}% 37
\BOOKMARK [3][-]{subsubsection.11.1.1}{\376\377\000E\000j\000e\000m\000p\000l\000o\000\040\0009}{subsection.11.1}% 38
\BOOKMARK [2][-]{subsection.11.2}{\376\377\000P\000r\000u\000e\000b\000a\000s\000\040\000d\000e\000\040\000u\000n\000a\000\040\000c\000o\000l\000a\000\040\000\050\000P\000r\000u\000e\000b\000a\000\040\000d\000e\000\040\000M\000a\000n\000n\000-\000W\000h\000i\000t\000n\000e\000y\000\040\000y\000\040\000P\000r\000u\000e\000b\000a\000\040\000d\000e\000\040\000W\000i\000l\000c\000o\000x\000o\000n\000\051}{section.11}% 39
\BOOKMARK [2][-]{subsection.11.3}{\376\377\000P\000r\000u\000e\000b\000a\000s\000\040\000q\000u\000e\000\040\000s\000e\000\040\000d\000e\000b\000e\000n\000\040\000u\000s\000a\000r\000\040\000e\000n\000\040\000c\000a\000d\000a\000\040\000e\000j\000e\000r\000c\000i\000c\000i\000o\000\040\000d\000e\000\040\000l\000a\000\040\000t\000a\000r\000e\000a}{section.11}% 40
\BOOKMARK [1][-]{section.12}{\376\377\0001\0001\000/\0000\0003\000/\0002\0000\0002\0004}{}% 41
\BOOKMARK [1][-]{section.13}{\376\377\0001\0003\000/\0000\0003\000/\0002\0000\0002\0004}{}% 42
\BOOKMARK [2][-]{subsection.13.1}{\376\377\000A\000n\000\341\000l\000i\000s\000i\000s\000\040\000d\000e\000\040\000v\000a\000r\000i\000a\000n\000z\000a}{section.13}% 43
\BOOKMARK [2][-]{subsection.13.2}{\376\377\000D\000i\000s\000e\000\361\000o\000\040\000c\000o\000m\000p\000l\000e\000t\000a\000m\000e\000n\000t\000e\000\040\000a\000l\000e\000a\000t\000o\000r\000i\000z\000a\000d\000o}{section.13}% 44
\BOOKMARK [2][-]{subsection.13.3}{\376\377\000M\000o\000d\000e\000l\000o}{section.13}% 45
\BOOKMARK [2][-]{subsection.13.4}{\376\377\000M\000o\000d\000e\000l\000o\000\040\000c\000o\000m\000p\000l\000e\000t\000o}{section.13}% 46
\BOOKMARK [2][-]{subsection.13.5}{\376\377\000M\000o\000d\000e\000l\000o\000\040\000r\000e\000d\000u\000c\000i\000d\000o}{section.13}% 47
\BOOKMARK [1][-]{section.14}{\376\377\0001\0005\000/\0000\0003\000/\0002\0000\0002\0004}{}% 48
