\BOOKMARK [1][-]{section.1}{\376\377\0003\0000\000/\0000\0001\000/\0002\0000\0002\0004}{}% 1
\BOOKMARK [2][-]{subsection.1.1}{\376\377\000C\000o\000n\000t\000a\000c\000t\000o}{section.1}% 2
\BOOKMARK [2][-]{subsection.1.2}{\376\377\000E\000v\000a\000l\000u\000a\000c\000i\000\363\000n}{section.1}% 3
\BOOKMARK [1][-]{section.2}{\376\377\0000\0001\000/\0000\0002\000/\0002\0000\0002\0004}{}% 4
\BOOKMARK [2][-]{subsection.2.1}{\376\377\000T\000r\000a\000n\000s\000f\000o\000r\000m\000a\000d\000a\000s\000\040\000i\000n\000t\000e\000g\000r\000a\000l\000e\000s}{section.2}% 5
\BOOKMARK [1][-]{section.3}{\376\377\000T\000e\000o\000r\000e\000m\000a\000s\000\040\000d\000e\000\040\000l\000a\000\040\000t\000r\000a\000n\000f\000o\000r\000m\000a\000d\000a\000\040\000d\000e\000\040\000l\000a\000p\000l\000a\000c\000e}{}% 6
\BOOKMARK [1][-]{section.4}{\376\377\000T\000a\000r\000e\000a\000\040\0004}{}% 7
\BOOKMARK [2][-]{subsection.4.1}{\376\377\000S\000o\000l\000u\000c\000i\000\363\000n}{section.4}% 8
\BOOKMARK [3][-]{subsubsection.4.1.1}{\376\377\000P\000r\000o\000b\000l\000e\000m\000a\000\040\0001}{subsection.4.1}% 9
\BOOKMARK [3][-]{subsubsection.4.1.2}{\376\377\000P\000r\000o\000b\000l\000e\000m\000a\000\040\0002}{subsection.4.1}% 10
\BOOKMARK [3][-]{subsubsection.4.1.3}{\376\377\000P\000r\000o\000b\000l\000e\000m\000a\000\040\0003}{subsection.4.1}% 11
\BOOKMARK [3][-]{subsubsection.4.1.4}{\376\377\000P\000r\000o\000b\000l\000e\000m\000a\000\040\0004}{subsection.4.1}% 12
\BOOKMARK [3][-]{subsubsection.4.1.5}{\376\377\000P\000r\000o\000b\000l\000e\000m\000a\000\040\0005}{subsection.4.1}% 13
\BOOKMARK [3][-]{subsubsection.4.1.6}{\376\377\000P\000r\000o\000b\000l\000e\000m\000a\000\040\0006}{subsection.4.1}% 14
\BOOKMARK [3][-]{subsubsection.4.1.7}{\376\377\000P\000r\000o\000b\000l\000e\000m\000a\000\040\0007}{subsection.4.1}% 15
\BOOKMARK [3][-]{subsubsection.4.1.8}{\376\377\000P\000r\000o\000b\000l\000e\000m\000a\000\040\0008}{subsection.4.1}% 16
\BOOKMARK [3][-]{subsubsection.4.1.9}{\376\377\000P\000r\000o\000b\000l\000e\000m\000a\000\040\0009}{subsection.4.1}% 17
\BOOKMARK [3][-]{subsubsection.4.1.10}{\376\377\000P\000r\000o\000b\000l\000e\000m\000a\000\040\0001\0000}{subsection.4.1}% 18
\BOOKMARK [1][-]{section.5}{\376\377\000S\000i\000s\000t\000e\000m\000a\000s\000\040\000d\000e\000\040\000e\000c\000u\000a\000c\000i\000o\000n\000e\000s\000\040\000l\000i\000n\000e\000a\000l\000e\000s}{}% 19
\BOOKMARK [2][-]{subsection.5.1}{\376\377\000C\000o\000n\000v\000e\000r\000s\000i\000o\000n\000\040\000d\000e\000\040\000e\000c\000u\000a\000c\000i\000o\000n\000e\000s\000\040\000d\000e\000\040\000o\000r\000d\000e\000n\000\040\000m\000a\000y\000o\000r\000\040\000a\000\040\000s\000i\000s\000t\000e\000m\000a\000s\000\040\000d\000e\000\040\000p\000r\000i\000m\000e\000r\000\040\000o\000r\000d\000e\000n}{section.5}% 20
\BOOKMARK [1][-]{section.6}{\376\377\000O\000p\000e\000r\000a\000d\000o\000r\000\040\000d\000i\000f\000e\000r\000e\000n\000c\000i\000a\000l}{}% 21
